1677539465448	geckodriver	INFO	Listening on 127.0.0.1:55770
1677539468523	mozrunner::runner	INFO	Running command: "C:\\Program Files\\Mozilla Firefox\\firefox.exe" "--marionette" "--remote-debugging-port" "55771" "--remote-allow-hosts" "localhost" "-no-remote" "-profile" "C:\\Users\\KELLEN~1.BEL\\AppData\\Local\\Temp\\rust_mozprofilePr25TO"
1677539468845	Marionette	INFO	Marionette enabled
1677539468848	Marionette	INFO	Listening on port 55782
WebDriver BiDi listening on ws://localhost:55771
Read port: 55782
1677539468982	RemoteAgent	WARN	TLS certificate errors will be ignored for this session
console.warn: SearchSettings: "get: No settings file exists, new profile?" (new NotFoundError("Could not open the file at C:\\Users\\KELLEN~1.BEL\\AppData\\Local\\Temp\\rust_mozprofilePr25TO\\search.json.mozlz4", (void 0)))
DevTools listening on ws://localhost:55771/devtools/browser/d34c9c4c-d1eb-4f2e-bb77-e58575c52974
JavaScript error: https://www.orbia.ag/assets/bundles/BRBAY/libjs?v=mG9H7KbCeWBx0FwszPdImN3AsLDJG4SJmZGPIWSkFZI1, line 30233: TypeError: tokenObj is null
JavaScript error: https://www.orbia.ag/assets/bundles/BRBAY/jq?v=V3hENngks5zGRpxQ-dnGP8jk-96BRSxUmpgRWhfTPGE1, line 1: Error: Syntax error, unrecognized expression: https://www.orbia.ag/comprar/Proposta
JavaScript error: https://www.orbia.ag/assets/bundles/BRBAY/jq?v=V3hENngks5zGRpxQ-dnGP8jk-96BRSxUmpgRWhfTPGE1, line 1: TypeError: Illegal constructor.
console.warn: LoginRecipes: "Falling back to a synchronous message for: https://www.orbia.ag."
1677539491509	Marionette	WARN	TimedPromise timed out after 500 ms: stacktrace:
TimedPromise/<@chrome://remote/content/marionette/sync.js:236:24
TimedPromise@chrome://remote/content/marionette/sync.js:221:10
interaction.flushEventLoop@chrome://remote/content/marionette/interaction.js:431:10
webdriverClickElement@chrome://remote/content/marionette/interaction.js:179:31
console.warn: LoginRecipes: "Falling back to a synchronous message for: https://www.orbia.ag."
1677539494527	Marionette	WARN	TimedPromise timed out after 500 ms: stacktrace:
TimedPromise/<@chrome://remote/content/marionette/sync.js:236:24
TimedPromise@chrome://remote/content/marionette/sync.js:221:10
interaction.flushEventLoop@chrome://remote/content/marionette/interaction.js:431:10
webdriverClickElement@chrome://remote/content/marionette/interaction.js:179:31
JavaScript error: https://www.orbia.ag/comprar/Proposta/PreencherCotacao?tipoCotacaoId=1 line 515 > injectedScript, line 1: TypeError: a is null
1677539667438	Marionette	INFO	Stopped listening on port 55782
