1677535430550	geckodriver	INFO	Listening on 127.0.0.1:52467
1677535433640	mozrunner::runner	INFO	Running command: "C:\\Program Files\\Mozilla Firefox\\firefox.exe" "--marionette" "--remote-debugging-port" "52468" "--remote-allow-hosts" "localhost" "-no-remote" "-profile" "C:\\Users\\KELLEN~1.BEL\\AppData\\Local\\Temp\\rust_mozprofileGCna9y"
1677535433953	Marionette	INFO	Marionette enabled
1677535433956	Marionette	INFO	Listening on port 52477
WebDriver BiDi listening on ws://localhost:52468
Read port: 52477
1677535434092	RemoteAgent	WARN	TLS certificate errors will be ignored for this session
console.warn: SearchSettings: "get: No settings file exists, new profile?" (new NotFoundError("Could not open the file at C:\\Users\\KELLEN~1.BEL\\AppData\\Local\\Temp\\rust_mozprofileGCna9y\\search.json.mozlz4", (void 0)))
DevTools listening on ws://localhost:52468/devtools/browser/2a0041d7-c513-4546-b5df-b531aa70c78e
JavaScript error: https://www.orbia.ag/assets/bundles/BRBAY/libjs?v=mG9H7KbCeWBx0FwszPdImN3AsLDJG4SJmZGPIWSkFZI1, line 30233: TypeError: tokenObj is null
JavaScript error: https://www.orbia.ag/assets/bundles/BRBAY/jq?v=V3hENngks5zGRpxQ-dnGP8jk-96BRSxUmpgRWhfTPGE1, line 1: Error: Syntax error, unrecognized expression: https://www.orbia.ag/comprar/Proposta
console.error: (new TypeError("currentNode is null", "resource://devtools/client/inspector/shared/style-change-tracker.js", 66))
TypeError: currentNode is null: canMutationImpactCurrentStyles@resource://devtools/client/inspector/shared/style-change-tracker.js:66:20
onMutations@resource://devtools/client/inspector/shared/style-change-tracker.js:84:41
_emit@resource://devtools/shared/event-emitter.js:242:32
emit@resource://devtools/shared/event-emitter.js:186:18
emit@resource://devtools/shared/event-emitter.js:330:18
getMutations@resource://devtools/client/fronts/walker.js:312:10

console.error: (new TypeError("currentNode is null", "resource://devtools/client/inspector/shared/style-change-tracker.js", 66))
TypeError: currentNode is null: canMutationImpactCurrentStyles@resource://devtools/client/inspector/shared/style-change-tracker.js:66:20
onMutations@resource://devtools/client/inspector/shared/style-change-tracker.js:84:41
_emit@resource://devtools/shared/event-emitter.js:242:32
emit@resource://devtools/shared/event-emitter.js:186:18
emit@resource://devtools/shared/event-emitter.js:330:18
getMutations@resource://devtools/client/fronts/walker.js:312:10

console.error: (new TypeError("currentNode is null", "resource://devtools/client/inspector/shared/style-change-tracker.js", 66))
TypeError: currentNode is null: canMutationImpactCurrentStyles@resource://devtools/client/inspector/shared/style-change-tracker.js:66:20
onMutations@resource://devtools/client/inspector/shared/style-change-tracker.js:84:41
_emit@resource://devtools/shared/event-emitter.js:242:32
emit@resource://devtools/shared/event-emitter.js:186:18
emit@resource://devtools/shared/event-emitter.js:330:18
getMutations@resource://devtools/client/fronts/walker.js:312:10

console.warn: ({})
console.warn: "Async method failed in safeAsyncMethod" (new Error("The target doesn't support creating highlighters by types or BoxModelHighlighter is unknown", "resource://devtools/client/fronts/inspector.js", 157))
console.warn: "Async method failed in safeAsyncMethod" (new Error("The target doesn't support creating highlighters by types or BoxModelHighlighter is unknown", "resource://devtools/client/fronts/inspector.js", 157))
console.warn: "Async method failed in safeAsyncMethod" (new Error("The target doesn't support creating highlighters by types or BoxModelHighlighter is unknown", "resource://devtools/client/fronts/inspector.js", 157))
console.warn: "Async method failed in safeAsyncMethod" (new Error("The target doesn't support creating highlighters by types or BoxModelHighlighter is unknown", "resource://devtools/client/fronts/inspector.js", 157))
JavaScript error: resource://gre/modules/AsyncShutdown.jsm, line 576: NotFoundError: No such JSWindowActor 'DevToolsFrame'
1677535509528	Marionette	INFO	Stopped listening on port 52477
