1677523695754	geckodriver	INFO	Listening on 127.0.0.1:54047
1677523698807	mozrunner::runner	INFO	Running command: "C:\\Program Files\\Mozilla Firefox\\firefox.exe" "--marionette" "--remote-debugging-port" "54048" "--remote-allow-hosts" "localhost" "-no-remote" "-profile" "C:\\Users\\KELLEN~1.BEL\\AppData\\Local\\Temp\\rust_mozprofileTzY4ZA"
1677523699102	Marionette	INFO	Marionette enabled
1677523699105	Marionette	INFO	Listening on port 54073
WebDriver BiDi listening on ws://localhost:54048
Read port: 54073
1677523699236	RemoteAgent	WARN	TLS certificate errors will be ignored for this session
console.warn: SearchSettings: "get: No settings file exists, new profile?" (new NotFoundError("Could not open the file at C:\\Users\\KELLEN~1.BEL\\AppData\\Local\\Temp\\rust_mozprofileTzY4ZA\\search.json.mozlz4", (void 0)))
DevTools listening on ws://localhost:54048/devtools/browser/5f546b7b-073e-4bf9-97aa-01c135f9d9d2
JavaScript error: https://www.orbia.ag/assets/bundles/BRBAY/libjs?v=mG9H7KbCeWBx0FwszPdImN3AsLDJG4SJmZGPIWSkFZI1, line 30233: TypeError: tokenObj is null
JavaScript error: https://www.orbia.ag/assets/bundles/BRBAY/jq?v=V3hENngks5zGRpxQ-dnGP8jk-96BRSxUmpgRWhfTPGE1, line 1: Error: Syntax error, unrecognized expression: https://www.orbia.ag/comprar/Proposta
JavaScript error: https://www.orbia.ag/assets/bundles/BRBAY/jq?v=V3hENngks5zGRpxQ-dnGP8jk-96BRSxUmpgRWhfTPGE1, line 1: TypeError: Illegal constructor.
console.warn: LoginRecipes: "Falling back to a synchronous message for: https://www.orbia.ag."
console.warn: LoginRecipes: "Falling back to a synchronous message for: https://www.orbia.ag."
JavaScript error: https://www.orbia.ag/comprar/Proposta/PreencherCotacao?tipoCotacaoId=1 line 515 > injectedScript, line 1: TypeError: a is null
SourceActor threw an exception: [Exception... "Component returned failure code: 0x80470002 (NS_BASE_STREAM_CLOSED) [nsIInputStream.available]"  nsresult: "0x80470002 (NS_BASE_STREAM_CLOSED)"  location: "JS frame :: resource://devtools/shared/DevToolsUtils.js :: onResponse :: line 594"  data: no]
Stack: onResponse@resource://devtools/shared/DevToolsUtils.js:594:34
onStopRequest@resource://gre/modules/NetUtil.jsm:126:18
Line: 594, column: 0
console.error: ({})
JavaScript error: resource://devtools/shared/DevToolsUtils.js, line 594: NS_BASE_STREAM_CLOSED: Component returned failure code: 0x80470002 (NS_BASE_STREAM_CLOSED) [nsIInputStream.available]
SourceActor threw an exception: Error: Failed to fetch https://www.orbia.ag/comprar/Proposta/PreencherCotacao?tipoCotacaoId=1. Code 2152924148.
Stack: onResponse@resource://devtools/shared/DevToolsUtils.js:583:16
onStopRequest@resource://gre/modules/NetUtil.jsm:126:18
Line: 583, column: 16
console.error: (new Error("Failed to fetch https://www.orbia.ag/comprar/Proposta/PreencherCotacao?tipoCotacaoId=1. Code 2152924148.", "resource://devtools/shared/DevToolsUtils.js", 583))
JavaScript error: resource://devtools/shared/DevToolsUtils.js, line 583: Error: Failed to fetch https://www.orbia.ag/comprar/Proposta/PreencherCotacao?tipoCotacaoId=1. Code 2152924148.
