1677521243998	geckodriver	INFO	Listening on 127.0.0.1:65412
1677521247096	mozrunner::runner	INFO	Running command: "C:\\Program Files\\Mozilla Firefox\\firefox.exe" "--marionette" "--remote-debugging-port" "65413" "--remote-allow-hosts" "localhost" "-no-remote" "-profile" "C:\\Users\\KELLEN~1.BEL\\AppData\\Local\\Temp\\rust_mozprofilenctqsI"
1677521247452	Marionette	INFO	Marionette enabled
1677521247461	Marionette	INFO	Listening on port 65424
WebDriver BiDi listening on ws://localhost:65413
Read port: 65424
1677521247651	RemoteAgent	WARN	TLS certificate errors will be ignored for this session
console.warn: SearchSettings: "get: No settings file exists, new profile?" (new NotFoundError("Could not open the file at C:\\Users\\KELLEN~1.BEL\\AppData\\Local\\Temp\\rust_mozprofilenctqsI\\search.json.mozlz4", (void 0)))
DevTools listening on ws://localhost:65413/devtools/browser/bf3b1cf9-e6f5-4dff-ad4a-24e73da98369
JavaScript error: https://www.orbia.ag/assets/bundles/BRBAY/libjs?v=mG9H7KbCeWBx0FwszPdImN3AsLDJG4SJmZGPIWSkFZI1, line 30233: TypeError: tokenObj is null
JavaScript error: https://www.orbia.ag/assets/bundles/BRBAY/jq?v=V3hENngks5zGRpxQ-dnGP8jk-96BRSxUmpgRWhfTPGE1, line 1: Error: Syntax error, unrecognized expression: https://www.orbia.ag/comprar/Proposta
JavaScript error: https://www.orbia.ag/assets/bundles/BRBAY/jq?v=V3hENngks5zGRpxQ-dnGP8jk-96BRSxUmpgRWhfTPGE1, line 1: TypeError: Illegal constructor.
console.warn: LoginRecipes: "Falling back to a synchronous message for: https://www.orbia.ag."
1677521258104	Marionette	WARN	TimedPromise timed out after 500 ms: stacktrace:
TimedPromise/<@chrome://remote/content/marionette/sync.js:236:24
TimedPromise@chrome://remote/content/marionette/sync.js:221:10
interaction.flushEventLoop@chrome://remote/content/marionette/interaction.js:431:10
webdriverClickElement@chrome://remote/content/marionette/interaction.js:179:31
console.warn: LoginRecipes: "Falling back to a synchronous message for: https://www.orbia.ag."
JavaScript error: https://www.orbia.ag/comprar/Proposta/PreencherCotacao?tipoCotacaoId=1 line 515 > injectedScript, line 1: TypeError: a is null
1677521315839	Marionette	INFO	Stopped listening on port 65424
[Parent 20136, IPC I/O Parent] WARNING: file /builds/worker/checkouts/gecko/ipc/chromium/src/base/process_util_win.cc:167
[Parent 20136, IPC I/O Parent] WARNING: file /builds/worker/checkouts/gecko/ipc/chromium/src/base/process_util_win.cc:167
[Parent 20136, IPC I/O Parent] WARNING: file /builds/worker/checkouts/gecko/ipc/chromium/src/base/process_util_win.cc:167
