1677524275000	geckodriver	INFO	Listening on 127.0.0.1:55294
1677524278098	mozrunner::runner	INFO	Running command: "C:\\Program Files\\Mozilla Firefox\\firefox.exe" "--marionette" "--remote-debugging-port" "55295" "--remote-allow-hosts" "localhost" "-no-remote" "-profile" "C:\\Users\\KELLEN~1.BEL\\AppData\\Local\\Temp\\rust_mozprofileoSBqkT"
1677524278431	Marionette	INFO	Marionette enabled
1677524278436	Marionette	INFO	Listening on port 55305
WebDriver BiDi listening on ws://localhost:55295
Read port: 55305
1677524278610	RemoteAgent	WARN	TLS certificate errors will be ignored for this session
console.warn: SearchSettings: "get: No settings file exists, new profile?" (new NotFoundError("Could not open the file at C:\\Users\\KELLEN~1.BEL\\AppData\\Local\\Temp\\rust_mozprofileoSBqkT\\search.json.mozlz4", (void 0)))
DevTools listening on ws://localhost:55295/devtools/browser/215bee81-7c05-4593-ad1b-1c1015ec90a7
JavaScript error: resource://gre/modules/URIFixup.jsm, line 292: NS_ERROR_FAILURE: Should pass a non-null uri
JavaScript error: https://www.orbia.ag/assets/bundles/BRBAY/libjs?v=mG9H7KbCeWBx0FwszPdImN3AsLDJG4SJmZGPIWSkFZI1, line 30233: TypeError: tokenObj is null
JavaScript error: https://www.orbia.ag/assets/bundles/BRBAY/jq?v=V3hENngks5zGRpxQ-dnGP8jk-96BRSxUmpgRWhfTPGE1, line 1: Error: Syntax error, unrecognized expression: https://www.orbia.ag/comprar/Proposta
JavaScript error: https://www.orbia.ag/assets/bundles/BRBAY/jq?v=V3hENngks5zGRpxQ-dnGP8jk-96BRSxUmpgRWhfTPGE1, line 1: TypeError: Illegal constructor.
console.warn: LoginRecipes: "Falling back to a synchronous message for: https://www.orbia.ag."
1677524293062	Marionette	WARN	TimedPromise timed out after 500 ms: stacktrace:
TimedPromise/<@chrome://remote/content/marionette/sync.js:236:24
TimedPromise@chrome://remote/content/marionette/sync.js:221:10
interaction.flushEventLoop@chrome://remote/content/marionette/interaction.js:431:10
webdriverClickElement@chrome://remote/content/marionette/interaction.js:179:31
console.warn: LoginRecipes: "Falling back to a synchronous message for: https://www.orbia.ag."
1677524296154	Marionette	WARN	TimedPromise timed out after 500 ms: stacktrace:
TimedPromise/<@chrome://remote/content/marionette/sync.js:236:24
TimedPromise@chrome://remote/content/marionette/sync.js:221:10
interaction.flushEventLoop@chrome://remote/content/marionette/interaction.js:431:10
webdriverClickElement@chrome://remote/content/marionette/interaction.js:179:31
JavaScript error: https://www.orbia.ag/comprar/Proposta/PreencherCotacao?tipoCotacaoId=1 line 515 > injectedScript, line 1: TypeError: a is null
